<?xml version="1.0" encoding="UTF-8"?>
<!-- Generated by org.testng.reporters.JUnitXMLReporter -->
<testsuite hostname="DESKTOP-I2JN7UT" ignored="2" name="Default test" tests="2" failures="0" timestamp="15 Jul 2024 13:01:42 GMT" time="1.809" errors="0">
  <testcase name="loginTest" time="0.904" classname="testcases.LoginTest"/>
  <testcase name="loginTest" time="0.875" classname="testcases.LoginTest"/>
  <testcase name="@BeforeSuite setup" time="0.0" classname="base.BaseTest">
    <ignored/>
  </testcase> <!-- @BeforeSuite setup -->
  <testcase name="@AfterSuite tearDown" time="0.0" classname="base.BaseTest">
    <ignored/>
  </testcase> <!-- @AfterSuite tearDown -->
</testsuite> <!-- Default test -->
