<?xml version="1.0" encoding="UTF-8"?>
<testng-results ignored="0" total="1" passed="1" failed="0" skipped="0">
  <reporter-output>
  </reporter-output>
  <suite started-at="2024-07-19T22:04:46 BST" name="Suite" finished-at="2024-07-19T22:04:50 BST" duration-ms="4409">
    <groups>
    </groups>
    <test started-at="2024-07-19T22:04:46 BST" name="Login Test" finished-at="2024-07-19T22:04:50 BST" duration-ms="4409">
      <class name="testcases.LoginTest">
        <test-method is-config="true" signature="setup()[pri:0, instance:testcases.LoginTest@50b8ae8d]" started-at="2024-07-19T22:04:42 BST" name="setup" finished-at="2024-07-19T22:04:46 BST" duration-ms="3717" status="PASS">
          <reporter-output>
          </reporter-output>
        </test-method> <!-- setup -->
        <test-method signature="loginTest(java.lang.String,java.lang.String)[pri:0, instance:testcases.LoginTest@50b8ae8d]" started-at="2024-07-19T22:04:46 BST" name="loginTest" data-provider="dp" finished-at="2024-07-19T22:04:50 BST" duration-ms="4366" status="PASS">
          <params>
            <param index="0">
              <value>
                <![CDATA[asif@mail.com]]>
              </value>
            </param>
            <param index="1">
              <value>
                <![CDATA[Strong123]]>
              </value>
            </param>
          </params>
          <reporter-output>
          </reporter-output>
        </test-method> <!-- loginTest -->
        <test-method is-config="true" signature="tearDown()[pri:0, instance:testcases.LoginTest@50b8ae8d]" started-at="2024-07-19T22:04:51 BST" name="tearDown" finished-at="2024-07-19T22:04:51 BST" duration-ms="299" status="PASS">
          <reporter-output>
          </reporter-output>
        </test-method> <!-- tearDown -->
      </class> <!-- testcases.LoginTest -->
    </test> <!-- Login Test -->
  </suite> <!-- Suite -->
</testng-results>
